e:\visualstudioprojects\cs2cheatcpp\cs2cheatcpp\x64\release\vc143.pdb
e:\visualstudioprojects\cs2cheatcpp\cs2cheatcpp\x64\release\main.obj
e:\visualstudioprojects\cs2cheatcpp\cs2cheatcpp\x64\release\imgui_widgets.obj
e:\visualstudioprojects\cs2cheatcpp\cs2cheatcpp\x64\release\imgui_tables.obj
e:\visualstudioprojects\cs2cheatcpp\cs2cheatcpp\x64\release\imgui_impl_win32.obj
e:\visualstudioprojects\cs2cheatcpp\cs2cheatcpp\x64\release\imgui_impl_dx11.obj
e:\visualstudioprojects\cs2cheatcpp\cs2cheatcpp\x64\release\imgui_draw.obj
e:\visualstudioprojects\cs2cheatcpp\cs2cheatcpp\x64\release\imgui_demo.obj
e:\visualstudioprojects\cs2cheatcpp\cs2cheatcpp\x64\release\imgui.obj
e:\visualstudioprojects\cs2cheatcpp\cs2cheatcpp\x64\release\memory.obj
e:\visualstudioprojects\cs2cheatcpp\x64\release\cs2cheatcpp.exe
e:\visualstudioprojects\cs2cheatcpp\cs2cheatcpp\x64\release\cs2cheatcpp.ipdb
e:\visualstudioprojects\cs2cheatcpp\x64\release\cs2cheatcpp.pdb
e:\visualstudioprojects\cs2cheatcpp\cs2cheatcpp\x64\release\cs2cheatcpp.iobj
e:\visualstudioprojects\cs2cheatcpp\cs2cheatcpp\x64\release\cs2cheatcpp.tlog\cl.command.1.tlog
e:\visualstudioprojects\cs2cheatcpp\cs2cheatcpp\x64\release\cs2cheatcpp.tlog\cl.items.tlog
e:\visualstudioprojects\cs2cheatcpp\cs2cheatcpp\x64\release\cs2cheatcpp.tlog\cl.read.1.tlog
e:\visualstudioprojects\cs2cheatcpp\cs2cheatcpp\x64\release\cs2cheatcpp.tlog\cl.write.1.tlog
e:\visualstudioprojects\cs2cheatcpp\cs2cheatcpp\x64\release\cs2cheatcpp.tlog\link.command.1.tlog
e:\visualstudioprojects\cs2cheatcpp\cs2cheatcpp\x64\release\cs2cheatcpp.tlog\link.read.1.tlog
e:\visualstudioprojects\cs2cheatcpp\cs2cheatcpp\x64\release\cs2cheatcpp.tlog\link.write.1.tlog
