  imgui.cpp
  imgui_demo.cpp
  imgui_draw.cpp
  imgui_impl_dx11.cpp
  imgui_impl_win32.cpp
  imgui_tables.cpp
  imgui_widgets.cpp
  gui.cpp
  main.cpp
E:\VisualStudioProjects\CS2CheatCpp\CS2CheatCpp\src\vector.h(80,44): warning C4244: “=”: 从“double”转换到“float”，可能丢失数据
  (编译源文件“src/main.cpp”)
  
E:\VisualStudioProjects\CS2CheatCpp\CS2CheatCpp\src\vector.h(84,11): warning C4244: “=”: 从“double”转换到“float”，可能丢失数据
  (编译源文件“src/main.cpp”)
  
E:\VisualStudioProjects\CS2CheatCpp\CS2CheatCpp\src\vector.h(102,11): warning C4244: “初始化”: 从“int”转换到“float”，可能丢失数据
  (编译源文件“src/main.cpp”)
  
E:\VisualStudioProjects\CS2CheatCpp\CS2CheatCpp\src\vector.h(103,11): warning C4244: “初始化”: 从“int”转换到“float”，可能丢失数据
  (编译源文件“src/main.cpp”)
  
E:\VisualStudioProjects\CS2CheatCpp\CS2CheatCpp\src\render.h(22,107): warning C4244: “参数”: 从“int”转换到“float”，可能丢失数据
  (编译源文件“src/main.cpp”)
  
E:\VisualStudioProjects\CS2CheatCpp\CS2CheatCpp\src\render.h(22,74): warning C4244: “参数”: 从“int”转换到“float”，可能丢失数据
  (编译源文件“src/main.cpp”)
  
E:\VisualStudioProjects\CS2CheatCpp\CS2CheatCpp\src\render.h(22,67): warning C4244: “参数”: 从“int”转换到“float”，可能丢失数据
  (编译源文件“src/main.cpp”)
  
E:\VisualStudioProjects\CS2CheatCpp\CS2CheatCpp\src\render.h(22,54): warning C4244: “参数”: 从“int”转换到“float”，可能丢失数据
  (编译源文件“src/main.cpp”)
  
E:\VisualStudioProjects\CS2CheatCpp\CS2CheatCpp\src\render.h(22,51): warning C4244: “参数”: 从“int”转换到“float”，可能丢失数据
  (编译源文件“src/main.cpp”)
  
E:\VisualStudioProjects\CS2CheatCpp\CS2CheatCpp\src\render.h(25,80): warning C4244: “参数”: 从“int”转换到“float”，可能丢失数据
  (编译源文件“src/main.cpp”)
  
E:\VisualStudioProjects\CS2CheatCpp\CS2CheatCpp\src\render.h(25,73): warning C4244: “参数”: 从“int”转换到“float”，可能丢失数据
  (编译源文件“src/main.cpp”)
  
E:\VisualStudioProjects\CS2CheatCpp\CS2CheatCpp\src\render.h(25,60): warning C4244: “参数”: 从“int”转换到“float”，可能丢失数据
  (编译源文件“src/main.cpp”)
  
E:\VisualStudioProjects\CS2CheatCpp\CS2CheatCpp\src\render.h(25,57): warning C4244: “参数”: 从“int”转换到“float”，可能丢失数据
  (编译源文件“src/main.cpp”)
  
E:\VisualStudioProjects\CS2CheatCpp\CS2CheatCpp\src\main.cpp(238,7): warning C4244: “参数”: 从“double”转换到“int”，可能丢失数据
E:\VisualStudioProjects\CS2CheatCpp\CS2CheatCpp\src\main.cpp(236,7): warning C4244: “参数”: 从“float”转换到“int”，可能丢失数据
E:\VisualStudioProjects\CS2CheatCpp\CS2CheatCpp\src\main.cpp(235,7): warning C4244: “参数”: 从“float”转换到“int”，可能丢失数据
E:\VisualStudioProjects\CS2CheatCpp\CS2CheatCpp\src\main.cpp(234,17): warning C4244: “参数”: 从“float”转换到“int”，可能丢失数据
E:\VisualStudioProjects\CS2CheatCpp\CS2CheatCpp\src\main.cpp(233,20): warning C4244: “参数”: 从“float”转换到“int”，可能丢失数据
E:\VisualStudioProjects\CS2CheatCpp\CS2CheatCpp\src\main.cpp(251,7): warning C4244: “参数”: 从“double”转换到“int”，可能丢失数据
E:\VisualStudioProjects\CS2CheatCpp\CS2CheatCpp\src\main.cpp(249,14): warning C4244: “参数”: 从“float”转换到“int”，可能丢失数据
E:\VisualStudioProjects\CS2CheatCpp\CS2CheatCpp\src\main.cpp(247,20): warning C4244: “参数”: 从“float”转换到“int”，可能丢失数据
E:\VisualStudioProjects\CS2CheatCpp\CS2CheatCpp\src\main.cpp(246,20): warning C4244: “参数”: 从“float”转换到“int”，可能丢失数据
E:\VisualStudioProjects\CS2CheatCpp\CS2CheatCpp\src\main.cpp(334,25): warning C4244: “=”: 从“float”转换到“int”，可能丢失数据
  memory.cpp
E:\VisualStudioProjects\CS2CheatCpp\CS2CheatCpp\src\memory\handle_hijack.h(222,12): warning C4244: “*=”: 从“double”转换到“DWORD”，可能丢失数据
  (编译源文件“src/memory/memory.cpp”)
  
E:\VisualStudioProjects\CS2CheatCpp\CS2CheatCpp\src\memory\handle_hijack.h(271,29): warning C4312: “类型强制转换”: 从“ULONG”转换到更大的“DWORD *”
  (编译源文件“src/memory/memory.cpp”)
  
  正在生成代码
  Previous IPDB not found, fall back to full compilation.
E:\VisualStudioProjects\CS2CheatCpp\CS2CheatCpp\src\vector.h(63): warning C4172: 返回局部变量或临时变量的地址
E:\VisualStudioProjects\CS2CheatCpp\CS2CheatCpp\src\vector.h(43): warning C4172: 返回局部变量或临时变量的地址
E:\VisualStudioProjects\CS2CheatCpp\CS2CheatCpp\src\vector.h(38): warning C4172: 返回局部变量或临时变量的地址
  All 2000 functions were compiled because no usable IPDB/IOBJ from previous compilation was found.
  已完成代码的生成
  CS2CheatCpp.vcxproj -> E:\VisualStudioProjects\CS2CheatCpp\x64\Release\CS2CheatCpp.exe
