  main.cpp
E:\VisualStudioProjects\CS2CheatCpp\CS2CheatCpp\src\vector.h(80,44): warning C4244: “=”: 从“double”转换到“float”，可能丢失数据
  (编译源文件“src/main.cpp”)
  
E:\VisualStudioProjects\CS2CheatCpp\CS2CheatCpp\src\vector.h(84,11): warning C4244: “=”: 从“double”转换到“float”，可能丢失数据
  (编译源文件“src/main.cpp”)
  
E:\VisualStudioProjects\CS2CheatCpp\CS2CheatCpp\src\vector.h(102,11): warning C4244: “初始化”: 从“int”转换到“float”，可能丢失数据
  (编译源文件“src/main.cpp”)
  
E:\VisualStudioProjects\CS2CheatCpp\CS2CheatCpp\src\vector.h(103,11): warning C4244: “初始化”: 从“int”转换到“float”，可能丢失数据
  (编译源文件“src/main.cpp”)
  
E:\VisualStudioProjects\CS2CheatCpp\CS2CheatCpp\src\render.h(29,54): warning C4244: “参数”: 从“int”转换到“float”，可能丢失数据
  (编译源文件“src/main.cpp”)
  
E:\VisualStudioProjects\CS2CheatCpp\CS2CheatCpp\src\render.h(29,51): warning C4244: “参数”: 从“int”转换到“float”，可能丢失数据
  (编译源文件“src/main.cpp”)
  
E:\VisualStudioProjects\CS2CheatCpp\CS2CheatCpp\src\render.h(35,107): warning C4244: “参数”: 从“int”转换到“float”，可能丢失数据
  (编译源文件“src/main.cpp”)
  
E:\VisualStudioProjects\CS2CheatCpp\CS2CheatCpp\src\render.h(35,74): warning C4244: “参数”: 从“int”转换到“float”，可能丢失数据
  (编译源文件“src/main.cpp”)
  
E:\VisualStudioProjects\CS2CheatCpp\CS2CheatCpp\src\render.h(35,67): warning C4244: “参数”: 从“int”转换到“float”，可能丢失数据
  (编译源文件“src/main.cpp”)
  
E:\VisualStudioProjects\CS2CheatCpp\CS2CheatCpp\src\render.h(35,54): warning C4244: “参数”: 从“int”转换到“float”，可能丢失数据
  (编译源文件“src/main.cpp”)
  
E:\VisualStudioProjects\CS2CheatCpp\CS2CheatCpp\src\render.h(35,51): warning C4244: “参数”: 从“int”转换到“float”，可能丢失数据
  (编译源文件“src/main.cpp”)
  
E:\VisualStudioProjects\CS2CheatCpp\CS2CheatCpp\src\render.h(38,80): warning C4244: “参数”: 从“int”转换到“float”，可能丢失数据
  (编译源文件“src/main.cpp”)
  
E:\VisualStudioProjects\CS2CheatCpp\CS2CheatCpp\src\render.h(38,73): warning C4244: “参数”: 从“int”转换到“float”，可能丢失数据
  (编译源文件“src/main.cpp”)
  
E:\VisualStudioProjects\CS2CheatCpp\CS2CheatCpp\src\render.h(38,60): warning C4244: “参数”: 从“int”转换到“float”，可能丢失数据
  (编译源文件“src/main.cpp”)
  
E:\VisualStudioProjects\CS2CheatCpp\CS2CheatCpp\src\render.h(38,57): warning C4244: “参数”: 从“int”转换到“float”，可能丢失数据
  (编译源文件“src/main.cpp”)
  
E:\VisualStudioProjects\CS2CheatCpp\CS2CheatCpp\src\main.cpp(249,14): warning C4244: “参数”: 从“float”转换到“int”，可能丢失数据
E:\VisualStudioProjects\CS2CheatCpp\CS2CheatCpp\src\main.cpp(248,7): warning C4244: “参数”: 从“float”转换到“int”，可能丢失数据
E:\VisualStudioProjects\CS2CheatCpp\CS2CheatCpp\src\main.cpp(247,20): warning C4244: “参数”: 从“float”转换到“int”，可能丢失数据
E:\VisualStudioProjects\CS2CheatCpp\CS2CheatCpp\src\main.cpp(246,20): warning C4244: “参数”: 从“float”转换到“int”，可能丢失数据
E:\VisualStudioProjects\CS2CheatCpp\CS2CheatCpp\src\main.cpp(257,17): warning C4244: “参数”: 从“float”转换到“int”，可能丢失数据
E:\VisualStudioProjects\CS2CheatCpp\CS2CheatCpp\src\main.cpp(256,20): warning C4244: “参数”: 从“float”转换到“int”，可能丢失数据
E:\VisualStudioProjects\CS2CheatCpp\CS2CheatCpp\src\main.cpp(266,20): warning C4244: “参数”: 从“float”转换到“int”，可能丢失数据
E:\VisualStudioProjects\CS2CheatCpp\CS2CheatCpp\src\main.cpp(265,20): warning C4244: “参数”: 从“float”转换到“int”，可能丢失数据
E:\VisualStudioProjects\CS2CheatCpp\CS2CheatCpp\src\main.cpp(279,7): warning C4244: “参数”: 从“double”转换到“int”，可能丢失数据
E:\VisualStudioProjects\CS2CheatCpp\CS2CheatCpp\src\main.cpp(277,48): warning C4244: “参数”: 从“float”转换到“int”，可能丢失数据
E:\VisualStudioProjects\CS2CheatCpp\CS2CheatCpp\src\main.cpp(275,54): warning C4244: “参数”: 从“float”转换到“int”，可能丢失数据
E:\VisualStudioProjects\CS2CheatCpp\CS2CheatCpp\src\main.cpp(274,20): warning C4244: “参数”: 从“float”转换到“int”，可能丢失数据
E:\VisualStudioProjects\CS2CheatCpp\CS2CheatCpp\src\main.cpp(380,25): warning C4244: “=”: 从“float”转换到“int”，可能丢失数据
E:\VisualStudioProjects\CS2CheatCpp\CS2CheatCpp\src\vector.h(43): warning C4172: 返回局部变量或临时变量的地址
E:\VisualStudioProjects\CS2CheatCpp\CS2CheatCpp\src\vector.h(63): warning C4172: 返回局部变量或临时变量的地址
E:\VisualStudioProjects\CS2CheatCpp\CS2CheatCpp\src\vector.h(38): warning C4172: 返回局部变量或临时变量的地址
  CS2CheatCpp.vcxproj -> E:\VisualStudioProjects\CS2CheatCpp\x64\Debug\CS2CheatCpp.exe
