  main.cpp
E:\VisualStudioProjects\CS2CheatCpp\CS2CheatCpp\src\vector.h(91,44): warning C4244: “=”: 从“double”转换到“float”，可能丢失数据
  (编译源文件“src/main.cpp”)
  
E:\VisualStudioProjects\CS2CheatCpp\CS2CheatCpp\src\vector.h(95,11): warning C4244: “=”: 从“double”转换到“float”，可能丢失数据
  (编译源文件“src/main.cpp”)
  
E:\VisualStudioProjects\CS2CheatCpp\CS2CheatCpp\src\vector.h(111,11): warning C4244: “初始化”: 从“int”转换到“float”，可能丢失数据
  (编译源文件“src/main.cpp”)
  
E:\VisualStudioProjects\CS2CheatCpp\CS2CheatCpp\src\vector.h(112,11): warning C4244: “初始化”: 从“int”转换到“float”，可能丢失数据
  (编译源文件“src/main.cpp”)
  
E:\VisualStudioProjects\CS2CheatCpp\CS2CheatCpp\src\render.h(31,53): warning C4244: “参数”: 从“int”转换到“float”，可能丢失数据
  (编译源文件“src/main.cpp”)
  
E:\VisualStudioProjects\CS2CheatCpp\CS2CheatCpp\src\render.h(31,50): warning C4244: “参数”: 从“int”转换到“float”，可能丢失数据
  (编译源文件“src/main.cpp”)
  
E:\VisualStudioProjects\CS2CheatCpp\CS2CheatCpp\src\render.h(37,112): warning C4244: “参数”: 从“int”转换到“float”，可能丢失数据
  (编译源文件“src/main.cpp”)
  
E:\VisualStudioProjects\CS2CheatCpp\CS2CheatCpp\src\render.h(37,74): warning C4244: “参数”: 从“int”转换到“float”，可能丢失数据
  (编译源文件“src/main.cpp”)
  
E:\VisualStudioProjects\CS2CheatCpp\CS2CheatCpp\src\render.h(37,67): warning C4244: “参数”: 从“int”转换到“float”，可能丢失数据
  (编译源文件“src/main.cpp”)
  
E:\VisualStudioProjects\CS2CheatCpp\CS2CheatCpp\src\render.h(37,54): warning C4244: “参数”: 从“int”转换到“float”，可能丢失数据
  (编译源文件“src/main.cpp”)
  
E:\VisualStudioProjects\CS2CheatCpp\CS2CheatCpp\src\render.h(37,51): warning C4244: “参数”: 从“int”转换到“float”，可能丢失数据
  (编译源文件“src/main.cpp”)
  
E:\VisualStudioProjects\CS2CheatCpp\CS2CheatCpp\src\render.h(40,80): warning C4244: “参数”: 从“int”转换到“float”，可能丢失数据
  (编译源文件“src/main.cpp”)
  
E:\VisualStudioProjects\CS2CheatCpp\CS2CheatCpp\src\render.h(40,73): warning C4244: “参数”: 从“int”转换到“float”，可能丢失数据
  (编译源文件“src/main.cpp”)
  
E:\VisualStudioProjects\CS2CheatCpp\CS2CheatCpp\src\render.h(40,60): warning C4244: “参数”: 从“int”转换到“float”，可能丢失数据
  (编译源文件“src/main.cpp”)
  
E:\VisualStudioProjects\CS2CheatCpp\CS2CheatCpp\src\render.h(40,57): warning C4244: “参数”: 从“int”转换到“float”，可能丢失数据
  (编译源文件“src/main.cpp”)
  
E:\VisualStudioProjects\CS2CheatCpp\CS2CheatCpp\src\main.cpp(204,15): warning C4244: “参数”: 从“float”转换到“int”，可能丢失数据
E:\VisualStudioProjects\CS2CheatCpp\CS2CheatCpp\src\main.cpp(203,8): warning C4244: “参数”: 从“float”转换到“int”，可能丢失数据
E:\VisualStudioProjects\CS2CheatCpp\CS2CheatCpp\src\main.cpp(202,21): warning C4244: “参数”: 从“float”转换到“int”，可能丢失数据
E:\VisualStudioProjects\CS2CheatCpp\CS2CheatCpp\src\main.cpp(201,21): warning C4244: “参数”: 从“float”转换到“int”，可能丢失数据
E:\VisualStudioProjects\CS2CheatCpp\CS2CheatCpp\src\main.cpp(217,15): warning C4244: “参数”: 从“float”转换到“int”，可能丢失数据
E:\VisualStudioProjects\CS2CheatCpp\CS2CheatCpp\src\main.cpp(216,8): warning C4244: “参数”: 从“float”转换到“int”，可能丢失数据
E:\VisualStudioProjects\CS2CheatCpp\CS2CheatCpp\src\main.cpp(215,21): warning C4244: “参数”: 从“float”转换到“int”，可能丢失数据
E:\VisualStudioProjects\CS2CheatCpp\CS2CheatCpp\src\main.cpp(214,21): warning C4244: “参数”: 从“float”转换到“int”，可能丢失数据
E:\VisualStudioProjects\CS2CheatCpp\CS2CheatCpp\src\main.cpp(228,19): warning C4244: “参数”: 从“float”转换到“int”，可能丢失数据
E:\VisualStudioProjects\CS2CheatCpp\CS2CheatCpp\src\main.cpp(227,16): warning C4244: “参数”: 从“float”转换到“int”，可能丢失数据
E:\VisualStudioProjects\CS2CheatCpp\CS2CheatCpp\src\main.cpp(235,19): warning C4244: “参数”: 从“float”转换到“int”，可能丢失数据
E:\VisualStudioProjects\CS2CheatCpp\CS2CheatCpp\src\main.cpp(234,16): warning C4244: “参数”: 从“float”转换到“int”，可能丢失数据
E:\VisualStudioProjects\CS2CheatCpp\CS2CheatCpp\src\main.cpp(244,20): warning C4244: “参数”: 从“float”转换到“int”，可能丢失数据
E:\VisualStudioProjects\CS2CheatCpp\CS2CheatCpp\src\main.cpp(243,20): warning C4244: “参数”: 从“float”转换到“int”，可能丢失数据
E:\VisualStudioProjects\CS2CheatCpp\CS2CheatCpp\src\main.cpp(258,7): warning C4244: “参数”: 从“double”转换到“int”，可能丢失数据
E:\VisualStudioProjects\CS2CheatCpp\CS2CheatCpp\src\main.cpp(256,55): warning C4244: “参数”: 从“float”转换到“int”，可能丢失数据
E:\VisualStudioProjects\CS2CheatCpp\CS2CheatCpp\src\main.cpp(254,61): warning C4244: “参数”: 从“float”转换到“int”，可能丢失数据
E:\VisualStudioProjects\CS2CheatCpp\CS2CheatCpp\src\main.cpp(253,20): warning C4244: “参数”: 从“float”转换到“int”，可能丢失数据
E:\VisualStudioProjects\CS2CheatCpp\CS2CheatCpp\src\main.cpp(264,74): warning C4244: “参数”: 从“float”转换到“int”，可能丢失数据
E:\VisualStudioProjects\CS2CheatCpp\CS2CheatCpp\src\main.cpp(263,39): warning C4244: “参数”: 从“float”转换到“int”，可能丢失数据
E:\VisualStudioProjects\CS2CheatCpp\CS2CheatCpp\src\main.cpp(308,50): warning C4244: “参数”: 从“int”转换到“float”，可能丢失数据
E:\VisualStudioProjects\CS2CheatCpp\CS2CheatCpp\src\main.cpp(308,32): warning C4244: “参数”: 从“int”转换到“float”，可能丢失数据
E:\VisualStudioProjects\CS2CheatCpp\CS2CheatCpp\src\main.cpp(387,25): warning C4244: “=”: 从“float”转换到“int”，可能丢失数据
  正在生成代码
  4 of 2374 functions ( 0.2%) were compiled, the rest were copied from previous compilation.
    0 functions were new in current compilation
    32 functions had inline decision re-evaluated but remain unchanged
  已完成代码的生成
  CS2CheatCpp.vcxproj -> E:\VisualStudioProjects\CS2CheatCpp\build\CS2CheatCpp.exe
