e:\visualstudioprojects\cs2cheatcpp\build\intermediates\vc143.pdb
e:\visualstudioprojects\cs2cheatcpp\build\intermediates\memory.obj
e:\visualstudioprojects\cs2cheatcpp\build\intermediates\gui.obj
e:\visualstudioprojects\cs2cheatcpp\build\intermediates\imgui_widgets.obj
e:\visualstudioprojects\cs2cheatcpp\build\intermediates\imgui_tables.obj
e:\visualstudioprojects\cs2cheatcpp\build\intermediates\imgui_impl_win32.obj
e:\visualstudioprojects\cs2cheatcpp\build\intermediates\imgui_impl_dx11.obj
e:\visualstudioprojects\cs2cheatcpp\build\intermediates\imgui_draw.obj
e:\visualstudioprojects\cs2cheatcpp\build\intermediates\imgui_demo.obj
e:\visualstudioprojects\cs2cheatcpp\build\intermediates\imgui.obj
e:\visualstudioprojects\cs2cheatcpp\build\intermediates\main.obj
e:\visualstudioprojects\cs2cheatcpp\build\cs2cheatcpp.exe
e:\visualstudioprojects\cs2cheatcpp\build\intermediates\cs2cheatcpp.ipdb
e:\visualstudioprojects\cs2cheatcpp\build\cs2cheatcpp.pdb
e:\visualstudioprojects\cs2cheatcpp\build\intermediates\cs2cheatcpp.iobj
e:\visualstudioprojects\cs2cheatcpp\build\intermediates\cs2cheatcpp1.res
e:\visualstudioprojects\cs2cheatcpp\build\intermediates\cs2cheatcpp.vcxproj.filelistabsolute.txt
e:\visualstudioprojects\cs2cheatcpp\build\intermediates\cs2cheatcpp.tlog\cl.command.1.tlog
e:\visualstudioprojects\cs2cheatcpp\build\intermediates\cs2cheatcpp.tlog\cl.items.tlog
e:\visualstudioprojects\cs2cheatcpp\build\intermediates\cs2cheatcpp.tlog\cl.read.1.tlog
e:\visualstudioprojects\cs2cheatcpp\build\intermediates\cs2cheatcpp.tlog\cl.write.1.tlog
e:\visualstudioprojects\cs2cheatcpp\build\intermediates\cs2cheatcpp.tlog\link.command.1.tlog
e:\visualstudioprojects\cs2cheatcpp\build\intermediates\cs2cheatcpp.tlog\link.read.1.tlog
e:\visualstudioprojects\cs2cheatcpp\build\intermediates\cs2cheatcpp.tlog\link.write.1.tlog
e:\visualstudioprojects\cs2cheatcpp\build\intermediates\cs2cheatcpp.tlog\rc.command.1.tlog
e:\visualstudioprojects\cs2cheatcpp\build\intermediates\cs2cheatcpp.tlog\rc.read.1.tlog
e:\visualstudioprojects\cs2cheatcpp\build\intermediates\cs2cheatcpp.tlog\rc.write.1.tlog
